The system is: Linux - 3.13.0-40-generic - x86_64
Compiling the Fortran compiler identification source file "CMakeFortranCompilerId.F" succeeded.
Compiler: /usr/bin/gfortran 
Build flags: 
Id flags: 

The output was:
0


Compilation of the Fortran compiler identification source "CMakeFortranCompilerId.F" produced "a.out"

The Fortran compiler identification is GNU, found in "/media/yedtoss/My Passport/Disk/CurProjects/DriftForces/MeanDrift/Nemoh/gfortranBuild/CMakeFiles/2.8.12.2/CompilerIdFortran/a.out"

Determining if the Fortran compiler works passed with the following output:
Change Dir: /media/yedtoss/My Passport/Disk/CurProjects/DriftForces/MeanDrift/Nemoh/gfortranBuild/CMakeFiles/CMakeTmp

Run Build Command:/usr/bin/make "cmTryCompileExec976639806/fast"
/usr/bin/make -f CMakeFiles/cmTryCompileExec976639806.dir/build.make CMakeFiles/cmTryCompileExec976639806.dir/build
make[1]: Entering directory `/media/yedtoss/My Passport/Disk/CurProjects/DriftForces/MeanDrift/Nemoh/gfortranBuild/CMakeFiles/CMakeTmp'
/usr/bin/cmake -E cmake_progress_report "/media/yedtoss/My Passport/Disk/CurProjects/DriftForces/MeanDrift/Nemoh/gfortranBuild/CMakeFiles/CMakeTmp/CMakeFiles" 1
/usr/bin/cmake: /usr/local/lib/libcurl.so.4: no version information available (required by /usr/bin/cmake)
Building Fortran object CMakeFiles/cmTryCompileExec976639806.dir/testFortranCompiler.f.o
/usr/bin/gfortran    -c "/media/yedtoss/My Passport/Disk/CurProjects/DriftForces/MeanDrift/Nemoh/gfortranBuild/CMakeFiles/CMakeTmp/testFortranCompiler.f" -o CMakeFiles/cmTryCompileExec976639806.dir/testFortranCompiler.f.o
Linking Fortran executable cmTryCompileExec976639806
/usr/bin/cmake -E cmake_link_script CMakeFiles/cmTryCompileExec976639806.dir/link.txt --verbose=1
/usr/bin/cmake: /usr/local/lib/libcurl.so.4: no version information available (required by /usr/bin/cmake)
/usr/bin/gfortran       CMakeFiles/cmTryCompileExec976639806.dir/testFortranCompiler.f.o  -o cmTryCompileExec976639806 -rdynamic 
make[1]: Leaving directory `/media/yedtoss/My Passport/Disk/CurProjects/DriftForces/MeanDrift/Nemoh/gfortranBuild/CMakeFiles/CMakeTmp'


Detecting Fortran compiler ABI info compiled with the following output:
Change Dir: /media/yedtoss/My Passport/Disk/CurProjects/DriftForces/MeanDrift/Nemoh/gfortranBuild/CMakeFiles/CMakeTmp

Run Build Command:/usr/bin/make "cmTryCompileExec2945538640/fast"
/usr/bin/make -f CMakeFiles/cmTryCompileExec2945538640.dir/build.make CMakeFiles/cmTryCompileExec2945538640.dir/build
make[1]: Entering directory `/media/yedtoss/My Passport/Disk/CurProjects/DriftForces/MeanDrift/Nemoh/gfortranBuild/CMakeFiles/CMakeTmp'
/usr/bin/cmake -E cmake_progress_report "/media/yedtoss/My Passport/Disk/CurProjects/DriftForces/MeanDrift/Nemoh/gfortranBuild/CMakeFiles/CMakeTmp/CMakeFiles" 1
/usr/bin/cmake: /usr/local/lib/libcurl.so.4: no version information available (required by /usr/bin/cmake)
Building Fortran object CMakeFiles/cmTryCompileExec2945538640.dir/CMakeFortranCompilerABI.F.o
/usr/bin/gfortran    -c /usr/share/cmake-2.8/Modules/CMakeFortranCompilerABI.F -o CMakeFiles/cmTryCompileExec2945538640.dir/CMakeFortranCompilerABI.F.o
Linking Fortran executable cmTryCompileExec2945538640
/usr/bin/cmake -E cmake_link_script CMakeFiles/cmTryCompileExec2945538640.dir/link.txt --verbose=1
/usr/bin/cmake: /usr/local/lib/libcurl.so.4: no version information available (required by /usr/bin/cmake)
/usr/bin/gfortran   -v   CMakeFiles/cmTryCompileExec2945538640.dir/CMakeFortranCompilerABI.F.o  -o cmTryCompileExec2945538640 -rdynamic  
Driving: /usr/bin/gfortran -v CMakeFiles/cmTryCompileExec2945538640.dir/CMakeFortranCompilerABI.F.o -o cmTryCompileExec2945538640 -rdynamic -l gfortran -l m -shared-libgcc
Using built-in specs.
COLLECT_GCC=/usr/bin/gfortran
COLLECT_LTO_WRAPPER=/usr/lib/gcc/x86_64-linux-gnu/4.8/lto-wrapper
Target: x86_64-linux-gnu
Configured with: ../src/configure -v --with-pkgversion='Ubuntu 4.8.2-19ubuntu1' --with-bugurl=file:///usr/share/doc/gcc-4.8/README.Bugs --enable-languages=c,c++,java,go,d,fortran,objc,obj-c++ --prefix=/usr --program-suffix=-4.8 --enable-shared --enable-linker-build-id --libexecdir=/usr/lib --without-included-gettext --enable-threads=posix --with-gxx-include-dir=/usr/include/c++/4.8 --libdir=/usr/lib --enable-nls --with-sysroot=/ --enable-clocale=gnu --enable-libstdcxx-debug --enable-libstdcxx-time=yes --enable-gnu-unique-object --disable-libmudflap --enable-plugin --with-system-zlib --disable-browser-plugin --enable-java-awt=gtk --enable-gtk-cairo --with-java-home=/usr/lib/jvm/java-1.5.0-gcj-4.8-amd64/jre --enable-java-home --with-jvm-root-dir=/usr/lib/jvm/java-1.5.0-gcj-4.8-amd64 --with-jvm-jar-dir=/usr/lib/jvm-exports/java-1.5.0-gcj-4.8-amd64 --with-arch-directory=amd64 --with-ecj-jar=/usr/share/java/eclipse-ecj.jar --enable-objc-gc --enable-multiarch --disable-werror --with-arch-32=i686 --with-abi=m64 --with-multilib-list=m32,m64,mx32 --with-tune=generic --enable-checking=release --build=x86_64-linux-gnu --host=x86_64-linux-gnu --target=x86_64-linux-gnu
Thread model: posix
gcc version 4.8.2 (Ubuntu 4.8.2-19ubuntu1) 
Reading specs from /usr/lib/gcc/x86_64-linux-gnu/4.8/libgfortran.spec
rename spec lib to liborig
COLLECT_GCC_OPTIONS='-v' '-o' 'cmTryCompileExec2945538640' '-rdynamic' '-shared-libgcc' '-mtune=generic' '-march=x86-64'
COMPILER_PATH=/usr/lib/gcc/x86_64-linux-gnu/4.8/:/usr/lib/gcc/x86_64-linux-gnu/4.8/:/usr/lib/gcc/x86_64-linux-gnu/:/usr/lib/gcc/x86_64-linux-gnu/4.8/:/usr/lib/gcc/x86_64-linux-gnu/
LIBRARY_PATH=/usr/lib/gcc/x86_64-linux-gnu/4.8/:/usr/lib/gcc/x86_64-linux-gnu/4.8/../../../x86_64-linux-gnu/:/usr/lib/gcc/x86_64-linux-gnu/4.8/../../../../lib/:/lib/x86_64-linux-gnu/:/lib/../lib/:/usr/lib/x86_64-linux-gnu/:/usr/lib/../lib/:/usr/lib/gcc/x86_64-linux-gnu/4.8/../../../:/lib/:/usr/lib/
COLLECT_GCC_OPTIONS='-v' '-o' 'cmTryCompileExec2945538640' '-rdynamic' '-shared-libgcc' '-mtune=generic' '-march=x86-64'
 /usr/lib/gcc/x86_64-linux-gnu/4.8/collect2 --sysroot=/ --build-id --eh-frame-hdr -m elf_x86_64 --hash-style=gnu --as-needed -export-dynamic -dynamic-linker /lib64/ld-linux-x86-64.so.2 -z relro -o cmTryCompileExec2945538640 /usr/lib/gcc/x86_64-linux-gnu/4.8/../../../x86_64-linux-gnu/crt1.o /usr/lib/gcc/x86_64-linux-gnu/4.8/../../../x86_64-linux-gnu/crti.o /usr/lib/gcc/x86_64-linux-gnu/4.8/crtbegin.o -L/usr/lib/gcc/x86_64-linux-gnu/4.8 -L/usr/lib/gcc/x86_64-linux-gnu/4.8/../../../x86_64-linux-gnu -L/usr/lib/gcc/x86_64-linux-gnu/4.8/../../../../lib -L/lib/x86_64-linux-gnu -L/lib/../lib -L/usr/lib/x86_64-linux-gnu -L/usr/lib/../lib -L/usr/lib/gcc/x86_64-linux-gnu/4.8/../../.. CMakeFiles/cmTryCompileExec2945538640.dir/CMakeFortranCompilerABI.F.o -lgfortran -lm -lgcc_s -lgcc -lquadmath -lm -lgcc_s -lgcc -lc -lgcc_s -lgcc /usr/lib/gcc/x86_64-linux-gnu/4.8/crtend.o /usr/lib/gcc/x86_64-linux-gnu/4.8/../../../x86_64-linux-gnu/crtn.o
make[1]: Leaving directory `/media/yedtoss/My Passport/Disk/CurProjects/DriftForces/MeanDrift/Nemoh/gfortranBuild/CMakeFiles/CMakeTmp'


Parsed Fortran implicit link information from above output:
  link line regex: [^( *|.*[/\])(ld|([^/\]+-)?ld|collect2)[^/\]*( |$)]
  ignore line: [Change Dir: /media/yedtoss/My Passport/Disk/CurProjects/DriftForces/MeanDrift/Nemoh/gfortranBuild/CMakeFiles/CMakeTmp]
  ignore line: []
  ignore line: [Run Build Command:/usr/bin/make "cmTryCompileExec2945538640/fast"]
  ignore line: [/usr/bin/make -f CMakeFiles/cmTryCompileExec2945538640.dir/build.make CMakeFiles/cmTryCompileExec2945538640.dir/build]
  ignore line: [make[1]: Entering directory `/media/yedtoss/My Passport/Disk/CurProjects/DriftForces/MeanDrift/Nemoh/gfortranBuild/CMakeFiles/CMakeTmp']
  ignore line: [/usr/bin/cmake -E cmake_progress_report "/media/yedtoss/My Passport/Disk/CurProjects/DriftForces/MeanDrift/Nemoh/gfortranBuild/CMakeFiles/CMakeTmp/CMakeFiles" 1]
  ignore line: [/usr/bin/cmake: /usr/local/lib/libcurl.so.4: no version information available (required by /usr/bin/cmake)]
  ignore line: [Building Fortran object CMakeFiles/cmTryCompileExec2945538640.dir/CMakeFortranCompilerABI.F.o]
  ignore line: [/usr/bin/gfortran    -c /usr/share/cmake-2.8/Modules/CMakeFortranCompilerABI.F -o CMakeFiles/cmTryCompileExec2945538640.dir/CMakeFortranCompilerABI.F.o]
  ignore line: [Linking Fortran executable cmTryCompileExec2945538640]
  ignore line: [/usr/bin/cmake -E cmake_link_script CMakeFiles/cmTryCompileExec2945538640.dir/link.txt --verbose=1]
  ignore line: [/usr/bin/cmake: /usr/local/lib/libcurl.so.4: no version information available (required by /usr/bin/cmake)]
  ignore line: [/usr/bin/gfortran   -v   CMakeFiles/cmTryCompileExec2945538640.dir/CMakeFortranCompilerABI.F.o  -o cmTryCompileExec2945538640 -rdynamic  ]
  ignore line: [Driving: /usr/bin/gfortran -v CMakeFiles/cmTryCompileExec2945538640.dir/CMakeFortranCompilerABI.F.o -o cmTryCompileExec2945538640 -rdynamic -l gfortran -l m -shared-libgcc]
  ignore line: [Using built-in specs.]
  ignore line: [COLLECT_GCC=/usr/bin/gfortran]
  ignore line: [COLLECT_LTO_WRAPPER=/usr/lib/gcc/x86_64-linux-gnu/4.8/lto-wrapper]
  ignore line: [Target: x86_64-linux-gnu]
  ignore line: [Configured with: ../src/configure -v --with-pkgversion='Ubuntu 4.8.2-19ubuntu1' --with-bugurl=file:///usr/share/doc/gcc-4.8/README.Bugs --enable-languages=c,c++,java,go,d,fortran,objc,obj-c++ --prefix=/usr --program-suffix=-4.8 --enable-shared --enable-linker-build-id --libexecdir=/usr/lib --without-included-gettext --enable-threads=posix --with-gxx-include-dir=/usr/include/c++/4.8 --libdir=/usr/lib --enable-nls --with-sysroot=/ --enable-clocale=gnu --enable-libstdcxx-debug --enable-libstdcxx-time=yes --enable-gnu-unique-object --disable-libmudflap --enable-plugin --with-system-zlib --disable-browser-plugin --enable-java-awt=gtk --enable-gtk-cairo --with-java-home=/usr/lib/jvm/java-1.5.0-gcj-4.8-amd64/jre --enable-java-home --with-jvm-root-dir=/usr/lib/jvm/java-1.5.0-gcj-4.8-amd64 --with-jvm-jar-dir=/usr/lib/jvm-exports/java-1.5.0-gcj-4.8-amd64 --with-arch-directory=amd64 --with-ecj-jar=/usr/share/java/eclipse-ecj.jar --enable-objc-gc --enable-multiarch --disable-werror --with-arch-32=i686 --with-abi=m64 --with-multilib-list=m32,m64,mx32 --with-tune=generic --enable-checking=release --build=x86_64-linux-gnu --host=x86_64-linux-gnu --target=x86_64-linux-gnu]
  ignore line: [Thread model: posix]
  ignore line: [gcc version 4.8.2 (Ubuntu 4.8.2-19ubuntu1) ]
  ignore line: [Reading specs from /usr/lib/gcc/x86_64-linux-gnu/4.8/libgfortran.spec]
  ignore line: [rename spec lib to liborig]
  ignore line: [COLLECT_GCC_OPTIONS='-v' '-o' 'cmTryCompileExec2945538640' '-rdynamic' '-shared-libgcc' '-mtune=generic' '-march=x86-64']
  ignore line: [COMPILER_PATH=/usr/lib/gcc/x86_64-linux-gnu/4.8/:/usr/lib/gcc/x86_64-linux-gnu/4.8/:/usr/lib/gcc/x86_64-linux-gnu/:/usr/lib/gcc/x86_64-linux-gnu/4.8/:/usr/lib/gcc/x86_64-linux-gnu/]
  ignore line: [LIBRARY_PATH=/usr/lib/gcc/x86_64-linux-gnu/4.8/:/usr/lib/gcc/x86_64-linux-gnu/4.8/../../../x86_64-linux-gnu/:/usr/lib/gcc/x86_64-linux-gnu/4.8/../../../../lib/:/lib/x86_64-linux-gnu/:/lib/../lib/:/usr/lib/x86_64-linux-gnu/:/usr/lib/../lib/:/usr/lib/gcc/x86_64-linux-gnu/4.8/../../../:/lib/:/usr/lib/]
  ignore line: [COLLECT_GCC_OPTIONS='-v' '-o' 'cmTryCompileExec2945538640' '-rdynamic' '-shared-libgcc' '-mtune=generic' '-march=x86-64']
  link line: [ /usr/lib/gcc/x86_64-linux-gnu/4.8/collect2 --sysroot=/ --build-id --eh-frame-hdr -m elf_x86_64 --hash-style=gnu --as-needed -export-dynamic -dynamic-linker /lib64/ld-linux-x86-64.so.2 -z relro -o cmTryCompileExec2945538640 /usr/lib/gcc/x86_64-linux-gnu/4.8/../../../x86_64-linux-gnu/crt1.o /usr/lib/gcc/x86_64-linux-gnu/4.8/../../../x86_64-linux-gnu/crti.o /usr/lib/gcc/x86_64-linux-gnu/4.8/crtbegin.o -L/usr/lib/gcc/x86_64-linux-gnu/4.8 -L/usr/lib/gcc/x86_64-linux-gnu/4.8/../../../x86_64-linux-gnu -L/usr/lib/gcc/x86_64-linux-gnu/4.8/../../../../lib -L/lib/x86_64-linux-gnu -L/lib/../lib -L/usr/lib/x86_64-linux-gnu -L/usr/lib/../lib -L/usr/lib/gcc/x86_64-linux-gnu/4.8/../../.. CMakeFiles/cmTryCompileExec2945538640.dir/CMakeFortranCompilerABI.F.o -lgfortran -lm -lgcc_s -lgcc -lquadmath -lm -lgcc_s -lgcc -lc -lgcc_s -lgcc /usr/lib/gcc/x86_64-linux-gnu/4.8/crtend.o /usr/lib/gcc/x86_64-linux-gnu/4.8/../../../x86_64-linux-gnu/crtn.o]
    arg [/usr/lib/gcc/x86_64-linux-gnu/4.8/collect2] ==> ignore
    arg [--sysroot=/] ==> ignore
    arg [--build-id] ==> ignore
    arg [--eh-frame-hdr] ==> ignore
    arg [-m] ==> ignore
    arg [elf_x86_64] ==> ignore
    arg [--hash-style=gnu] ==> ignore
    arg [--as-needed] ==> ignore
    arg [-export-dynamic] ==> ignore
    arg [-dynamic-linker] ==> ignore
    arg [/lib64/ld-linux-x86-64.so.2] ==> ignore
    arg [-zrelro] ==> ignore
    arg [-o] ==> ignore
    arg [cmTryCompileExec2945538640] ==> ignore
    arg [/usr/lib/gcc/x86_64-linux-gnu/4.8/../../../x86_64-linux-gnu/crt1.o] ==> ignore
    arg [/usr/lib/gcc/x86_64-linux-gnu/4.8/../../../x86_64-linux-gnu/crti.o] ==> ignore
    arg [/usr/lib/gcc/x86_64-linux-gnu/4.8/crtbegin.o] ==> ignore
    arg [-L/usr/lib/gcc/x86_64-linux-gnu/4.8] ==> dir [/usr/lib/gcc/x86_64-linux-gnu/4.8]
    arg [-L/usr/lib/gcc/x86_64-linux-gnu/4.8/../../../x86_64-linux-gnu] ==> dir [/usr/lib/gcc/x86_64-linux-gnu/4.8/../../../x86_64-linux-gnu]
    arg [-L/usr/lib/gcc/x86_64-linux-gnu/4.8/../../../../lib] ==> dir [/usr/lib/gcc/x86_64-linux-gnu/4.8/../../../../lib]
    arg [-L/lib/x86_64-linux-gnu] ==> dir [/lib/x86_64-linux-gnu]
    arg [-L/lib/../lib] ==> dir [/lib/../lib]
    arg [-L/usr/lib/x86_64-linux-gnu] ==> dir [/usr/lib/x86_64-linux-gnu]
    arg [-L/usr/lib/../lib] ==> dir [/usr/lib/../lib]
    arg [-L/usr/lib/gcc/x86_64-linux-gnu/4.8/../../..] ==> dir [/usr/lib/gcc/x86_64-linux-gnu/4.8/../../..]
    arg [CMakeFiles/cmTryCompileExec2945538640.dir/CMakeFortranCompilerABI.F.o] ==> ignore
    arg [-lgfortran] ==> lib [gfortran]
    arg [-lm] ==> lib [m]
    arg [-lgcc_s] ==> lib [gcc_s]
    arg [-lgcc] ==> lib [gcc]
    arg [-lquadmath] ==> lib [quadmath]
    arg [-lm] ==> lib [m]
    arg [-lgcc_s] ==> lib [gcc_s]
    arg [-lgcc] ==> lib [gcc]
    arg [-lc] ==> lib [c]
    arg [-lgcc_s] ==> lib [gcc_s]
    arg [-lgcc] ==> lib [gcc]
    arg [/usr/lib/gcc/x86_64-linux-gnu/4.8/crtend.o] ==> ignore
    arg [/usr/lib/gcc/x86_64-linux-gnu/4.8/../../../x86_64-linux-gnu/crtn.o] ==> ignore
  remove lib [gcc_s]
  remove lib [gcc]
  remove lib [gcc_s]
  remove lib [gcc]
  remove lib [gcc_s]
  remove lib [gcc]
  collapse library dir [/usr/lib/gcc/x86_64-linux-gnu/4.8] ==> [/usr/lib/gcc/x86_64-linux-gnu/4.8]
  collapse library dir [/usr/lib/gcc/x86_64-linux-gnu/4.8/../../../x86_64-linux-gnu] ==> [/usr/lib/x86_64-linux-gnu]
  collapse library dir [/usr/lib/gcc/x86_64-linux-gnu/4.8/../../../../lib] ==> [/usr/lib]
  collapse library dir [/lib/x86_64-linux-gnu] ==> [/lib/x86_64-linux-gnu]
  collapse library dir [/lib/../lib] ==> [/lib]
  collapse library dir [/usr/lib/x86_64-linux-gnu] ==> [/usr/lib/x86_64-linux-gnu]
  collapse library dir [/usr/lib/../lib] ==> [/usr/lib]
  collapse library dir [/usr/lib/gcc/x86_64-linux-gnu/4.8/../../..] ==> [/usr/lib]
  implicit libs: [gfortran;m;quadmath;m;c]
  implicit dirs: [/usr/lib/gcc/x86_64-linux-gnu/4.8;/usr/lib/x86_64-linux-gnu;/usr/lib;/lib/x86_64-linux-gnu;/lib]
  implicit fwks: []


Determining if the Fortran compiler supports Fortran 90 passed with the following output:
Change Dir: /media/yedtoss/My Passport/Disk/CurProjects/DriftForces/MeanDrift/Nemoh/gfortranBuild/CMakeFiles/CMakeTmp

Run Build Command:/usr/bin/make "cmTryCompileExec1809379854/fast"
/usr/bin/make -f CMakeFiles/cmTryCompileExec1809379854.dir/build.make CMakeFiles/cmTryCompileExec1809379854.dir/build
make[1]: Entering directory `/media/yedtoss/My Passport/Disk/CurProjects/DriftForces/MeanDrift/Nemoh/gfortranBuild/CMakeFiles/CMakeTmp'
/usr/bin/cmake -E cmake_progress_report "/media/yedtoss/My Passport/Disk/CurProjects/DriftForces/MeanDrift/Nemoh/gfortranBuild/CMakeFiles/CMakeTmp/CMakeFiles" 1
/usr/bin/cmake: /usr/local/lib/libcurl.so.4: no version information available (required by /usr/bin/cmake)
Building Fortran object CMakeFiles/cmTryCompileExec1809379854.dir/testFortranCompilerF90.f90.o
/usr/bin/gfortran    -c "/media/yedtoss/My Passport/Disk/CurProjects/DriftForces/MeanDrift/Nemoh/gfortranBuild/CMakeFiles/CMakeTmp/testFortranCompilerF90.f90" -o CMakeFiles/cmTryCompileExec1809379854.dir/testFortranCompilerF90.f90.o
Linking Fortran executable cmTryCompileExec1809379854
/usr/bin/cmake -E cmake_link_script CMakeFiles/cmTryCompileExec1809379854.dir/link.txt --verbose=1
/usr/bin/cmake: /usr/local/lib/libcurl.so.4: no version information available (required by /usr/bin/cmake)
/usr/bin/gfortran       CMakeFiles/cmTryCompileExec1809379854.dir/testFortranCompilerF90.f90.o  -o cmTryCompileExec1809379854 -rdynamic 
make[1]: Leaving directory `/media/yedtoss/My Passport/Disk/CurProjects/DriftForces/MeanDrift/Nemoh/gfortranBuild/CMakeFiles/CMakeTmp'


Determining if the Fortran dgemm exists passed with the following output:
Change Dir: /media/yedtoss/My Passport/Disk/CurProjects/DriftForces/MeanDrift/Nemoh/gfortranBuild/CMakeFiles/CMakeTmp

Run Build Command:/usr/bin/make "cmTryCompileExec1838648488/fast"
/usr/bin/make -f CMakeFiles/cmTryCompileExec1838648488.dir/build.make CMakeFiles/cmTryCompileExec1838648488.dir/build
make[1]: Entering directory `/media/yedtoss/My Passport/Disk/CurProjects/DriftForces/MeanDrift/Nemoh/gfortranBuild/CMakeFiles/CMakeTmp'
/usr/bin/cmake -E cmake_progress_report "/media/yedtoss/My Passport/Disk/CurProjects/DriftForces/MeanDrift/Nemoh/gfortranBuild/CMakeFiles/CMakeTmp/CMakeFiles" 1
/usr/bin/cmake: /usr/local/lib/libcurl.so.4: no version information available (required by /usr/bin/cmake)
Building Fortran object CMakeFiles/cmTryCompileExec1838648488.dir/testFortranCompiler.f.o
/usr/bin/gfortran   -W -Wall -std=f2008 -fopenmp   -fmax-errors=0  -O3 -w     -c "/media/yedtoss/My Passport/Disk/CurProjects/DriftForces/MeanDrift/Nemoh/gfortranBuild/CMakeFiles/CMakeTmp/testFortranCompiler.f" -o CMakeFiles/cmTryCompileExec1838648488.dir/testFortranCompiler.f.o
Linking Fortran executable cmTryCompileExec1838648488
/usr/bin/cmake -E cmake_link_script CMakeFiles/cmTryCompileExec1838648488.dir/link.txt --verbose=1
/usr/bin/cmake: /usr/local/lib/libcurl.so.4: no version information available (required by /usr/bin/cmake)
/usr/bin/gfortran     -W -Wall -std=f2008 -fopenmp   -fmax-errors=0  -O3 -w   CMakeFiles/cmTryCompileExec1838648488.dir/testFortranCompiler.f.o  -o cmTryCompileExec1838648488 -rdynamic /usr/lib/libf77blas.so.3gf /usr/lib/libatlas.so.3gf 
make[1]: Leaving directory `/media/yedtoss/My Passport/Disk/CurProjects/DriftForces/MeanDrift/Nemoh/gfortranBuild/CMakeFiles/CMakeTmp'


Determining if the Fortran cheev exists passed with the following output:
Change Dir: /media/yedtoss/My Passport/Disk/CurProjects/DriftForces/MeanDrift/Nemoh/gfortranBuild/CMakeFiles/CMakeTmp

Run Build Command:/usr/bin/make "cmTryCompileExec3810724501/fast"
/usr/bin/make -f CMakeFiles/cmTryCompileExec3810724501.dir/build.make CMakeFiles/cmTryCompileExec3810724501.dir/build
make[1]: Entering directory `/media/yedtoss/My Passport/Disk/CurProjects/DriftForces/MeanDrift/Nemoh/gfortranBuild/CMakeFiles/CMakeTmp'
/usr/bin/cmake -E cmake_progress_report "/media/yedtoss/My Passport/Disk/CurProjects/DriftForces/MeanDrift/Nemoh/gfortranBuild/CMakeFiles/CMakeTmp/CMakeFiles" 1
/usr/bin/cmake: /usr/local/lib/libcurl.so.4: no version information available (required by /usr/bin/cmake)
Building Fortran object CMakeFiles/cmTryCompileExec3810724501.dir/testFortranCompiler.f.o
/usr/bin/gfortran   -W -Wall -std=f2008 -fopenmp   -fmax-errors=0  -O3 -w     -c "/media/yedtoss/My Passport/Disk/CurProjects/DriftForces/MeanDrift/Nemoh/gfortranBuild/CMakeFiles/CMakeTmp/testFortranCompiler.f" -o CMakeFiles/cmTryCompileExec3810724501.dir/testFortranCompiler.f.o
Linking Fortran executable cmTryCompileExec3810724501
/usr/bin/cmake -E cmake_link_script CMakeFiles/cmTryCompileExec3810724501.dir/link.txt --verbose=1
/usr/bin/cmake: /usr/local/lib/libcurl.so.4: no version information available (required by /usr/bin/cmake)
/usr/bin/gfortran     -W -Wall -std=f2008 -fopenmp   -fmax-errors=0  -O3 -w   CMakeFiles/cmTryCompileExec3810724501.dir/testFortranCompiler.f.o  -o cmTryCompileExec3810724501 -rdynamic /usr/lib/liblapack.so /usr/lib/libf77blas.so.3gf /usr/lib/libatlas.so.3gf 
make[1]: Leaving directory `/media/yedtoss/My Passport/Disk/CurProjects/DriftForces/MeanDrift/Nemoh/gfortranBuild/CMakeFiles/CMakeTmp'


